<?xml version="1.0" encoding="UTF-8"?>
<testsuite xmlns:xsi="http://www.w3.org/2001/XMLSchema-instance" xsi:noNamespaceSchemaLocation="https://maven.apache.org/surefire/maven-surefire-plugin/xsd/surefire-test-report-3.0.xsd" version="3.0" name="com.bitbybit.game.GameContextTest" time="2.954" tests="5" errors="0" skipped="0" failures="0">
  <properties>
[...]
</properties>
  <testcase name="testNotifyObservers" classname="com.bitbybit.game.GameContextTest" time="2.927">
    <system-err><![CDATA[WARNING: A Java agent has been loaded dynamically (C:\Users\brand\.m2\repository\net\bytebuddy\byte-buddy-agent\1.14.11\byte-buddy-agent-1.14.11.jar)
WARNING: If a serviceability tool is in use, please run with -XX:+EnableDynamicAgentLoading to hide this warning
WARNING: If a serviceability tool is not in use, please run with -Djdk.instrument.traceUsage for more information
WARNING: Dynamic loading of agents will be disallowed by default in a future release
]]></system-err>
  </testcase>
  <testcase name="testInitialState" classname="com.bitbybit.game.GameContextTest" time="0.004"/>
  <testcase name="testRunGame" classname="com.bitbybit.game.GameContextTest" time="0.004"/>
  <testcase name="testRemoveObserver" classname="com.bitbybit.game.GameContextTest" time="0.004"/>
  <testcase name="testSetState" classname="com.bitbybit.game.GameContextTest" time="0.001"/>
</testsuite>